Exit code: 1
Stdout:

Stderr:
[I 2024-11-01 12:56:25,541] A new study created in memory with name: no-name-6817b601-5dd2-4af5-abd5-3b30703aaa7a
[W 2024-11-01 12:56:25,590] Trial 0 failed with parameters: {'operator_1': 'greedy', 'probability_1': 0.19423095487072325, 'scale_1': 0.8840467786542153, 'distribution_1': 'gaussian', 'selector_1': 'greedy', 'operator_2': 'local_random_walk', 'probability_2': 0.8806668667523517, 'scale_2': 0.415691512357102, 'distribution_2': 'uniform', 'selector_2': 'metropolis'} because of the following error: AttributeError("module 'operators' has no attribute 'greedy'").
joblib.externals.loky.process_executor._RemoteTraceback: 
"""
Traceback (most recent call last):
  File "/Users/valeriaenriquezlimon/Documents/research-llm/.venv/lib/python3.12/site-packages/joblib/_utils.py", line 72, in __call__
    return self.func(**kwargs)
           ^^^^^^^^^^^^^^^^^^^
  File "/Users/valeriaenriquezlimon/Documents/research-llm/.venv/lib/python3.12/site-packages/joblib/parallel.py", line 598, in __call__
    return [func(*args, **kwargs)
            ^^^^^^^^^^^^^^^^^^^^^
  File "/Users/valeriaenriquezlimon/Documents/research-llm/llm-metaheuristics/ollama_output_20241101_125331/execution_optuna_iteration_0.py", line 53, in run_metaheuristic
    met.run()
  File "/Users/valeriaenriquezlimon/Documents/research-llm/llm-metaheuristics/metaheuristic.py", line 143, in run
    self.apply_search_operator(perturbator, selector)
  File "/Users/valeriaenriquezlimon/Documents/research-llm/llm-metaheuristics/metaheuristic.py", line 99, in apply_search_operator
    exec('Operators.' + operator_name + '(self.pop,' + operator_params)
  File "<string>", line 1, in <module>
AttributeError: module 'operators' has no attribute 'greedy'
"""

The above exception was the direct cause of the following exception:

Traceback (most recent call last):
  File "/Users/valeriaenriquezlimon/Documents/research-llm/.venv/lib/python3.12/site-packages/optuna/study/_optimize.py", line 197, in _run_trial
    value_or_values = func(trial)
                      ^^^^^^^^^^^
  File "/Users/valeriaenriquezlimon/Documents/research-llm/llm-metaheuristics/ollama_output_20241101_125331/execution_optuna_iteration_0.py", line 45, in objective
    performance = evaluate_sequence_performance(heur, prob, num_agents=50, num_iterations=100, num_replicas=30)
                  ^^^^^^^^^^^^^^^^^^^^^^^^^^^^^^^^^^^^^^^^^^^^^^^^^^^^^^^^^^^^^^^^^^^^^^^^^^^^^^^^^^^^^^^^^^^^^
  File "/Users/valeriaenriquezlimon/Documents/research-llm/llm-metaheuristics/ollama_output_20241101_125331/execution_optuna_iteration_0.py", line 58, in evaluate_sequence_performance
    results_parallel = Parallel(n_jobs=num_cores)(delayed(run_metaheuristic)() for _ in range(num_replicas))
                       ^^^^^^^^^^^^^^^^^^^^^^^^^^^^^^^^^^^^^^^^^^^^^^^^^^^^^^^^^^^^^^^^^^^^^^^^^^^^^^^^^^^^^
  File "/Users/valeriaenriquezlimon/Documents/research-llm/.venv/lib/python3.12/site-packages/joblib/parallel.py", line 2007, in __call__
    return output if self.return_generator else list(output)
                                                ^^^^^^^^^^^^
  File "/Users/valeriaenriquezlimon/Documents/research-llm/.venv/lib/python3.12/site-packages/joblib/parallel.py", line 1650, in _get_outputs
    yield from self._retrieve()
  File "/Users/valeriaenriquezlimon/Documents/research-llm/.venv/lib/python3.12/site-packages/joblib/parallel.py", line 1754, in _retrieve
    self._raise_error_fast()
  File "/Users/valeriaenriquezlimon/Documents/research-llm/.venv/lib/python3.12/site-packages/joblib/parallel.py", line 1789, in _raise_error_fast
    error_job.get_result(self.timeout)
  File "/Users/valeriaenriquezlimon/Documents/research-llm/.venv/lib/python3.12/site-packages/joblib/parallel.py", line 745, in get_result
    return self._return_or_raise()
           ^^^^^^^^^^^^^^^^^^^^^^^
  File "/Users/valeriaenriquezlimon/Documents/research-llm/.venv/lib/python3.12/site-packages/joblib/parallel.py", line 763, in _return_or_raise
    raise self._result
AttributeError: module 'operators' has no attribute 'greedy'
[W 2024-11-01 12:56:25,599] Trial 0 failed with value None.
joblib.externals.loky.process_executor._RemoteTraceback: 
"""
Traceback (most recent call last):
  File "/Users/valeriaenriquezlimon/Documents/research-llm/.venv/lib/python3.12/site-packages/joblib/_utils.py", line 72, in __call__
    return self.func(**kwargs)
           ^^^^^^^^^^^^^^^^^^^
  File "/Users/valeriaenriquezlimon/Documents/research-llm/.venv/lib/python3.12/site-packages/joblib/parallel.py", line 598, in __call__
    return [func(*args, **kwargs)
            ^^^^^^^^^^^^^^^^^^^^^
  File "/Users/valeriaenriquezlimon/Documents/research-llm/llm-metaheuristics/ollama_output_20241101_125331/execution_optuna_iteration_0.py", line 53, in run_metaheuristic
    met.run()
  File "/Users/valeriaenriquezlimon/Documents/research-llm/llm-metaheuristics/metaheuristic.py", line 143, in run
    self.apply_search_operator(perturbator, selector)
  File "/Users/valeriaenriquezlimon/Documents/research-llm/llm-metaheuristics/metaheuristic.py", line 99, in apply_search_operator
    exec('Operators.' + operator_name + '(self.pop,' + operator_params)
  File "<string>", line 1, in <module>
AttributeError: module 'operators' has no attribute 'greedy'
"""

The above exception was the direct cause of the following exception:

Traceback (most recent call last):
  File "/Users/valeriaenriquezlimon/Documents/research-llm/llm-metaheuristics/ollama_output_20241101_125331/execution_optuna_iteration_0.py", line 68, in <module>
    study.optimize(objective, n_trials=50) 
    ^^^^^^^^^^^^^^^^^^^^^^^^^^^^^^^^^^^^^^
  File "/Users/valeriaenriquezlimon/Documents/research-llm/.venv/lib/python3.12/site-packages/optuna/study/study.py", line 475, in optimize
    _optimize(
  File "/Users/valeriaenriquezlimon/Documents/research-llm/.venv/lib/python3.12/site-packages/optuna/study/_optimize.py", line 63, in _optimize
    _optimize_sequential(
  File "/Users/valeriaenriquezlimon/Documents/research-llm/.venv/lib/python3.12/site-packages/optuna/study/_optimize.py", line 160, in _optimize_sequential
    frozen_trial = _run_trial(study, func, catch)
                   ^^^^^^^^^^^^^^^^^^^^^^^^^^^^^^
  File "/Users/valeriaenriquezlimon/Documents/research-llm/.venv/lib/python3.12/site-packages/optuna/study/_optimize.py", line 248, in _run_trial
    raise func_err
  File "/Users/valeriaenriquezlimon/Documents/research-llm/.venv/lib/python3.12/site-packages/optuna/study/_optimize.py", line 197, in _run_trial
    value_or_values = func(trial)
                      ^^^^^^^^^^^
  File "/Users/valeriaenriquezlimon/Documents/research-llm/llm-metaheuristics/ollama_output_20241101_125331/execution_optuna_iteration_0.py", line 45, in objective
    performance = evaluate_sequence_performance(heur, prob, num_agents=50, num_iterations=100, num_replicas=30)
                  ^^^^^^^^^^^^^^^^^^^^^^^^^^^^^^^^^^^^^^^^^^^^^^^^^^^^^^^^^^^^^^^^^^^^^^^^^^^^^^^^^^^^^^^^^^^^^
  File "/Users/valeriaenriquezlimon/Documents/research-llm/llm-metaheuristics/ollama_output_20241101_125331/execution_optuna_iteration_0.py", line 58, in evaluate_sequence_performance
    results_parallel = Parallel(n_jobs=num_cores)(delayed(run_metaheuristic)() for _ in range(num_replicas))
                       ^^^^^^^^^^^^^^^^^^^^^^^^^^^^^^^^^^^^^^^^^^^^^^^^^^^^^^^^^^^^^^^^^^^^^^^^^^^^^^^^^^^^^
  File "/Users/valeriaenriquezlimon/Documents/research-llm/.venv/lib/python3.12/site-packages/joblib/parallel.py", line 2007, in __call__
    return output if self.return_generator else list(output)
                                                ^^^^^^^^^^^^
  File "/Users/valeriaenriquezlimon/Documents/research-llm/.venv/lib/python3.12/site-packages/joblib/parallel.py", line 1650, in _get_outputs
    yield from self._retrieve()
  File "/Users/valeriaenriquezlimon/Documents/research-llm/.venv/lib/python3.12/site-packages/joblib/parallel.py", line 1754, in _retrieve
    self._raise_error_fast()
  File "/Users/valeriaenriquezlimon/Documents/research-llm/.venv/lib/python3.12/site-packages/joblib/parallel.py", line 1789, in _raise_error_fast
    error_job.get_result(self.timeout)
  File "/Users/valeriaenriquezlimon/Documents/research-llm/.venv/lib/python3.12/site-packages/joblib/parallel.py", line 745, in get_result
    return self._return_or_raise()
           ^^^^^^^^^^^^^^^^^^^^^^^
  File "/Users/valeriaenriquezlimon/Documents/research-llm/.venv/lib/python3.12/site-packages/joblib/parallel.py", line 763, in _return_or_raise
    raise self._result
AttributeError: module 'operators' has no attribute 'greedy'
