Exit code: 1
Stdout:

Stderr:
[I 2024-11-01 13:00:46,761] A new study created in memory with name: no-name-8e64ba5b-be1e-4b3d-b80b-8352a43debad
[W 2024-11-01 13:00:46,781] Trial 0 failed with parameters: {'gradient_descent_learning_rate': 0.7504771595520799, 'random_restart_num_restarts': 4} because of the following error: TypeError('cannot unpack non-iterable float object').
joblib.externals.loky.process_executor._RemoteTraceback: 
"""
Traceback (most recent call last):
  File "/Users/valeriaenriquezlimon/Documents/research-llm/.venv/lib/python3.12/site-packages/joblib/_utils.py", line 72, in __call__
    return self.func(**kwargs)
           ^^^^^^^^^^^^^^^^^^^
  File "/Users/valeriaenriquezlimon/Documents/research-llm/.venv/lib/python3.12/site-packages/joblib/parallel.py", line 598, in __call__
    return [func(*args, **kwargs)
            ^^^^^^^^^^^^^^^^^^^^^
  File "/Users/valeriaenriquezlimon/Documents/research-llm/llm-metaheuristics/ollama_output_20241101_125835/execution_optuna_iteration_0.py", line 24, in run_metaheuristic
    met = mh.Metaheuristic(prob, sequence, num_agents=num_agents, num_iterations=num_iterations)
          ^^^^^^^^^^^^^^^^^^^^^^^^^^^^^^^^^^^^^^^^^^^^^^^^^^^^^^^^^^^^^^^^^^^^^^^^^^^^^^^^^^^^^^
  File "/Users/valeriaenriquezlimon/Documents/research-llm/llm-metaheuristics/metaheuristic.py", line 59, in __init__
    self.perturbators, self.selectors = Operators.process_operators(search_operators)
                                        ^^^^^^^^^^^^^^^^^^^^^^^^^^^^^^^^^^^^^^^^^^^^^
  File "/Users/valeriaenriquezlimon/Documents/research-llm/llm-metaheuristics/operators.py", line 1059, in process_operators
    for operator, parameters, selector in simple_heuristics:
        ^^^^^^^^^^^^^^^^^^^^^^^^^^^^^^
TypeError: cannot unpack non-iterable float object
"""

The above exception was the direct cause of the following exception:

Traceback (most recent call last):
  File "/Users/valeriaenriquezlimon/Documents/research-llm/.venv/lib/python3.12/site-packages/optuna/study/_optimize.py", line 197, in _run_trial
    value_or_values = func(trial)
                      ^^^^^^^^^^^
  File "/Users/valeriaenriquezlimon/Documents/research-llm/llm-metaheuristics/ollama_output_20241101_125835/execution_optuna_iteration_0.py", line 47, in objective
    performance = evaluate_sequence_performance(heur, prob, num_agents=50, num_iterations=100, num_replicas=30)
                  ^^^^^^^^^^^^^^^^^^^^^^^^^^^^^^^^^^^^^^^^^^^^^^^^^^^^^^^^^^^^^^^^^^^^^^^^^^^^^^^^^^^^^^^^^^^^^
  File "/Users/valeriaenriquezlimon/Documents/research-llm/llm-metaheuristics/ollama_output_20241101_125835/execution_optuna_iteration_0.py", line 30, in evaluate_sequence_performance
    results_parallel = Parallel(n_jobs=num_cores)(delayed(run_metaheuristic)() for _ in range(num_replicas))
                       ^^^^^^^^^^^^^^^^^^^^^^^^^^^^^^^^^^^^^^^^^^^^^^^^^^^^^^^^^^^^^^^^^^^^^^^^^^^^^^^^^^^^^
  File "/Users/valeriaenriquezlimon/Documents/research-llm/.venv/lib/python3.12/site-packages/joblib/parallel.py", line 2007, in __call__
    return output if self.return_generator else list(output)
                                                ^^^^^^^^^^^^
  File "/Users/valeriaenriquezlimon/Documents/research-llm/.venv/lib/python3.12/site-packages/joblib/parallel.py", line 1650, in _get_outputs
    yield from self._retrieve()
  File "/Users/valeriaenriquezlimon/Documents/research-llm/.venv/lib/python3.12/site-packages/joblib/parallel.py", line 1754, in _retrieve
    self._raise_error_fast()
  File "/Users/valeriaenriquezlimon/Documents/research-llm/.venv/lib/python3.12/site-packages/joblib/parallel.py", line 1789, in _raise_error_fast
    error_job.get_result(self.timeout)
  File "/Users/valeriaenriquezlimon/Documents/research-llm/.venv/lib/python3.12/site-packages/joblib/parallel.py", line 745, in get_result
    return self._return_or_raise()
           ^^^^^^^^^^^^^^^^^^^^^^^
  File "/Users/valeriaenriquezlimon/Documents/research-llm/.venv/lib/python3.12/site-packages/joblib/parallel.py", line 763, in _return_or_raise
    raise self._result
TypeError: cannot unpack non-iterable float object
[W 2024-11-01 13:00:46,783] Trial 0 failed with value None.
joblib.externals.loky.process_executor._RemoteTraceback: 
"""
Traceback (most recent call last):
  File "/Users/valeriaenriquezlimon/Documents/research-llm/.venv/lib/python3.12/site-packages/joblib/_utils.py", line 72, in __call__
    return self.func(**kwargs)
           ^^^^^^^^^^^^^^^^^^^
  File "/Users/valeriaenriquezlimon/Documents/research-llm/.venv/lib/python3.12/site-packages/joblib/parallel.py", line 598, in __call__
    return [func(*args, **kwargs)
            ^^^^^^^^^^^^^^^^^^^^^
  File "/Users/valeriaenriquezlimon/Documents/research-llm/llm-metaheuristics/ollama_output_20241101_125835/execution_optuna_iteration_0.py", line 24, in run_metaheuristic
    met = mh.Metaheuristic(prob, sequence, num_agents=num_agents, num_iterations=num_iterations)
          ^^^^^^^^^^^^^^^^^^^^^^^^^^^^^^^^^^^^^^^^^^^^^^^^^^^^^^^^^^^^^^^^^^^^^^^^^^^^^^^^^^^^^^
  File "/Users/valeriaenriquezlimon/Documents/research-llm/llm-metaheuristics/metaheuristic.py", line 59, in __init__
    self.perturbators, self.selectors = Operators.process_operators(search_operators)
                                        ^^^^^^^^^^^^^^^^^^^^^^^^^^^^^^^^^^^^^^^^^^^^^
  File "/Users/valeriaenriquezlimon/Documents/research-llm/llm-metaheuristics/operators.py", line 1059, in process_operators
    for operator, parameters, selector in simple_heuristics:
        ^^^^^^^^^^^^^^^^^^^^^^^^^^^^^^
TypeError: cannot unpack non-iterable float object
"""

The above exception was the direct cause of the following exception:

Traceback (most recent call last):
  File "/Users/valeriaenriquezlimon/Documents/research-llm/llm-metaheuristics/ollama_output_20241101_125835/execution_optuna_iteration_0.py", line 52, in <module>
    study.optimize(objective, n_trials=50)
  File "/Users/valeriaenriquezlimon/Documents/research-llm/.venv/lib/python3.12/site-packages/optuna/study/study.py", line 475, in optimize
    _optimize(
  File "/Users/valeriaenriquezlimon/Documents/research-llm/.venv/lib/python3.12/site-packages/optuna/study/_optimize.py", line 63, in _optimize
    _optimize_sequential(
  File "/Users/valeriaenriquezlimon/Documents/research-llm/.venv/lib/python3.12/site-packages/optuna/study/_optimize.py", line 160, in _optimize_sequential
    frozen_trial = _run_trial(study, func, catch)
                   ^^^^^^^^^^^^^^^^^^^^^^^^^^^^^^
  File "/Users/valeriaenriquezlimon/Documents/research-llm/.venv/lib/python3.12/site-packages/optuna/study/_optimize.py", line 248, in _run_trial
    raise func_err
  File "/Users/valeriaenriquezlimon/Documents/research-llm/.venv/lib/python3.12/site-packages/optuna/study/_optimize.py", line 197, in _run_trial
    value_or_values = func(trial)
                      ^^^^^^^^^^^
  File "/Users/valeriaenriquezlimon/Documents/research-llm/llm-metaheuristics/ollama_output_20241101_125835/execution_optuna_iteration_0.py", line 47, in objective
    performance = evaluate_sequence_performance(heur, prob, num_agents=50, num_iterations=100, num_replicas=30)
                  ^^^^^^^^^^^^^^^^^^^^^^^^^^^^^^^^^^^^^^^^^^^^^^^^^^^^^^^^^^^^^^^^^^^^^^^^^^^^^^^^^^^^^^^^^^^^^
  File "/Users/valeriaenriquezlimon/Documents/research-llm/llm-metaheuristics/ollama_output_20241101_125835/execution_optuna_iteration_0.py", line 30, in evaluate_sequence_performance
    results_parallel = Parallel(n_jobs=num_cores)(delayed(run_metaheuristic)() for _ in range(num_replicas))
                       ^^^^^^^^^^^^^^^^^^^^^^^^^^^^^^^^^^^^^^^^^^^^^^^^^^^^^^^^^^^^^^^^^^^^^^^^^^^^^^^^^^^^^
  File "/Users/valeriaenriquezlimon/Documents/research-llm/.venv/lib/python3.12/site-packages/joblib/parallel.py", line 2007, in __call__
    return output if self.return_generator else list(output)
                                                ^^^^^^^^^^^^
  File "/Users/valeriaenriquezlimon/Documents/research-llm/.venv/lib/python3.12/site-packages/joblib/parallel.py", line 1650, in _get_outputs
    yield from self._retrieve()
  File "/Users/valeriaenriquezlimon/Documents/research-llm/.venv/lib/python3.12/site-packages/joblib/parallel.py", line 1754, in _retrieve
    self._raise_error_fast()
  File "/Users/valeriaenriquezlimon/Documents/research-llm/.venv/lib/python3.12/site-packages/joblib/parallel.py", line 1789, in _raise_error_fast
    error_job.get_result(self.timeout)
  File "/Users/valeriaenriquezlimon/Documents/research-llm/.venv/lib/python3.12/site-packages/joblib/parallel.py", line 745, in get_result
    return self._return_or_raise()
           ^^^^^^^^^^^^^^^^^^^^^^^
  File "/Users/valeriaenriquezlimon/Documents/research-llm/.venv/lib/python3.12/site-packages/joblib/parallel.py", line 763, in _return_or_raise
    raise self._result
TypeError: cannot unpack non-iterable float object
